<?xml version="1.0" encoding="UTF-8"?>
<!-- Generated by org.testng.reporters.JUnitReportReporter -->
<testsuite hostname="dell-inspiron-5559" failures="0" tests="1" name="cucumber_options.TestngTestRunner" time="11.102" errors="0" timestamp="20 Nov 2022 07:27:13 GMT" skipped="0">
  <testcase classname="cucumber_options.TestngTestRunner" name="runScenario" time="11.102"/>
</testsuite> <!-- cucumber_options.TestngTestRunner -->
