<?xml version="1.0" encoding="UTF-8"?>
<!-- Generated by org.testng.reporters.JUnitReportReporter -->
<testsuite hostname="dell-inspiron-5559" failures="0" tests="2" name="testRunner.TestngTestRunner" time="32.078" errors="0" timestamp="20 Nov 2022 20:26:52 GMT" skipped="0">
  <testcase classname="testRunner.TestngTestRunner" name="runScenario" time="21.809"/>
  <testcase classname="testRunner.TestngTestRunner" name="runScenario" time="10.269"/>
</testsuite> <!-- testRunner.TestngTestRunner -->
