<?xml version="1.0" encoding="UTF-8"?>
<!-- Generated by org.testng.reporters.JUnitReportReporter -->
<testsuite hostname="dell-inspiron-5559" failures="0" tests="1" name="testRunner.TestngTestRunner" time="8.344" errors="0" timestamp="20 Nov 2022 13:03:34 GMT" skipped="0">
  <testcase classname="testRunner.TestngTestRunner" name="runScenario" time="8.344"/>
</testsuite> <!-- testRunner.TestngTestRunner -->
